This is pdfTeX, Version 3.141592653-2.6-1.40.22 (TeX Live 2022/dev/Debian) (preloaded format=pdflatex 2024.3.16)  9 JUL 2025 17:45
entering extended mode
 restricted \write18 enabled.
 %&-line parsing enabled.
**C2HDMS-EWSB.tex
(./C2HDMS-EWSB.tex
LaTeX2e <2021-11-15> patch level 1
L3 programming layer <2022-01-21>
(/usr/share/texlive/texmf-dist/tex/latex/base/article.cls
Document Class: article 2021/10/04 v1.4n Standard LaTeX document class
(/usr/share/texlive/texmf-dist/tex/latex/base/size10.clo
File: size10.clo 2021/10/04 v1.4n Standard LaTeX file (size option)
)
\c@part=\count185
\c@section=\count186
\c@subsection=\count187
\c@subsubsection=\count188
\c@paragraph=\count189
\c@subparagraph=\count190
\c@figure=\count191
\c@table=\count192
\abovecaptionskip=\skip47
\belowcaptionskip=\skip48
\bibindent=\dimen138
)
(/usr/share/texlive/texmf-dist/tex/latex/amsmath/amsmath.sty
Package: amsmath 2021/10/15 v2.17l AMS math features
\@mathmargin=\skip49

For additional information on amsmath, use the `?' option.
(/usr/share/texlive/texmf-dist/tex/latex/amsmath/amstext.sty
Package: amstext 2021/08/26 v2.01 AMS text

(/usr/share/texlive/texmf-dist/tex/latex/amsmath/amsgen.sty
File: amsgen.sty 1999/11/30 v2.0 generic functions
\@emptytoks=\toks16
\ex@=\dimen139
))
(/usr/share/texlive/texmf-dist/tex/latex/amsmath/amsbsy.sty
Package: amsbsy 1999/11/29 v1.2d Bold Symbols
\pmbraise@=\dimen140
)
(/usr/share/texlive/texmf-dist/tex/latex/amsmath/amsopn.sty
Package: amsopn 2021/08/26 v2.02 operator names
)
\inf@bad=\count193
LaTeX Info: Redefining \frac on input line 234.
\uproot@=\count194
\leftroot@=\count195
LaTeX Info: Redefining \overline on input line 399.
\classnum@=\count196
\DOTSCASE@=\count197
LaTeX Info: Redefining \ldots on input line 496.
LaTeX Info: Redefining \dots on input line 499.
LaTeX Info: Redefining \cdots on input line 620.
\Mathstrutbox@=\box50
\strutbox@=\box51
\big@size=\dimen141
LaTeX Font Info:    Redeclaring font encoding OML on input line 743.
LaTeX Font Info:    Redeclaring font encoding OMS on input line 744.
\macc@depth=\count198
\c@MaxMatrixCols=\count199
\dotsspace@=\muskip16
\c@parentequation=\count266
\dspbrk@lvl=\count267
\tag@help=\toks17
\row@=\count268
\column@=\count269
\maxfields@=\count270
\andhelp@=\toks18
\eqnshift@=\dimen142
\alignsep@=\dimen143
\tagshift@=\dimen144
\tagwidth@=\dimen145
\totwidth@=\dimen146
\lineht@=\dimen147
\@envbody=\toks19
\multlinegap=\skip50
\multlinetaggap=\skip51
\mathdisplay@stack=\toks20
LaTeX Info: Redefining \[ on input line 2938.
LaTeX Info: Redefining \] on input line 2939.
)
(/usr/share/texlive/texmf-dist/tex/latex/base/fontenc.sty
Package: fontenc 2021/04/29 v2.0v Standard LaTeX package
)
(/usr/share/texlive/texmf-dist/tex/latex/amsfonts/amssymb.sty
Package: amssymb 2013/01/14 v3.01 AMS font symbols

(/usr/share/texlive/texmf-dist/tex/latex/amsfonts/amsfonts.sty
Package: amsfonts 2013/01/14 v3.01 Basic AMSFonts support
\symAMSa=\mathgroup4
\symAMSb=\mathgroup5
LaTeX Font Info:    Redeclaring math symbol \hbar on input line 98.
LaTeX Font Info:    Overwriting math alphabet `\mathfrak' in version `bold'
(Font)                  U/euf/m/n --> U/euf/b/n on input line 106.
))
(/usr/share/texmf/tex/latex/feynmf/feynmp.sty
Package: feynmp 1996/12/02 v1.08 LaTeX/MetaPost Feynman Diagram Package (ohl)

(/usr/share/texlive/texmf-dist/tex/latex/graphics/graphics.sty
Package: graphics 2021/03/04 v1.4d Standard LaTeX Graphics (DPC,SPQR)

(/usr/share/texlive/texmf-dist/tex/latex/graphics/trig.sty
Package: trig 2021/08/11 v1.11 sin cos tan (DPC)
)
(/usr/share/texlive/texmf-dist/tex/latex/graphics-cfg/graphics.cfg
File: graphics.cfg 2016/06/04 v1.11 sample graphics configuration
)
Package graphics Info: Driver file: pdftex.def on input line 107.

(/usr/share/texlive/texmf-dist/tex/latex/graphics-def/pdftex.def
File: pdftex.def 2020/10/05 v1.2a Graphics/color driver for pdftex
))
\@outfmf=\write3
\fmfbuf@=\toks21
\c@fmfgraph=\count271
)
(/usr/share/texlive/texmf-dist/tex/latex/hyperref/hyperref.sty
Package: hyperref 2021-06-07 v7.00m Hypertext links for LaTeX

(/usr/share/texlive/texmf-dist/tex/generic/ltxcmds/ltxcmds.sty
Package: ltxcmds 2020-05-10 v1.25 LaTeX kernel commands for general use (HO)
)
(/usr/share/texlive/texmf-dist/tex/generic/iftex/iftex.sty
Package: iftex 2020/03/06 v1.0d TeX engine tests
)
(/usr/share/texlive/texmf-dist/tex/generic/pdftexcmds/pdftexcmds.sty
Package: pdftexcmds 2020-06-27 v0.33 Utility functions of pdfTeX for LuaTeX (HO
)

(/usr/share/texlive/texmf-dist/tex/generic/infwarerr/infwarerr.sty
Package: infwarerr 2019/12/03 v1.5 Providing info/warning/error messages (HO)
)
Package pdftexcmds Info: \pdf@primitive is available.
Package pdftexcmds Info: \pdf@ifprimitive is available.
Package pdftexcmds Info: \pdfdraftmode found.
)
(/usr/share/texlive/texmf-dist/tex/latex/graphics/keyval.sty
Package: keyval 2014/10/28 v1.15 key=value parser (DPC)
\KV@toks@=\toks22
)
(/usr/share/texlive/texmf-dist/tex/generic/kvsetkeys/kvsetkeys.sty
Package: kvsetkeys 2019/12/15 v1.18 Key value parser (HO)
)
(/usr/share/texlive/texmf-dist/tex/generic/kvdefinekeys/kvdefinekeys.sty
Package: kvdefinekeys 2019-12-19 v1.6 Define keys (HO)
)
(/usr/share/texlive/texmf-dist/tex/generic/pdfescape/pdfescape.sty
Package: pdfescape 2019/12/09 v1.15 Implements pdfTeX's escape features (HO)
)
(/usr/share/texlive/texmf-dist/tex/latex/hycolor/hycolor.sty
Package: hycolor 2020-01-27 v1.10 Color options for hyperref/bookmark (HO)
)
(/usr/share/texlive/texmf-dist/tex/latex/letltxmacro/letltxmacro.sty
Package: letltxmacro 2019/12/03 v1.6 Let assignment for LaTeX macros (HO)
)
(/usr/share/texlive/texmf-dist/tex/latex/auxhook/auxhook.sty
Package: auxhook 2019-12-17 v1.6 Hooks for auxiliary files (HO)
)
(/usr/share/texlive/texmf-dist/tex/latex/kvoptions/kvoptions.sty
Package: kvoptions 2020-10-07 v3.14 Key value format for package options (HO)
)
\@linkdim=\dimen148
\Hy@linkcounter=\count272
\Hy@pagecounter=\count273

(/usr/share/texlive/texmf-dist/tex/latex/hyperref/pd1enc.def
File: pd1enc.def 2021-06-07 v7.00m Hyperref: PDFDocEncoding definition (HO)
Now handling font encoding PD1 ...
... no UTF-8 mapping file for font encoding PD1
)
(/usr/share/texlive/texmf-dist/tex/latex/hyperref/hyperref-langpatches.def
File: hyperref-langpatches.def 2021-06-07 v7.00m Hyperref: patches for babel la
nguages
)
(/usr/share/texlive/texmf-dist/tex/generic/intcalc/intcalc.sty
Package: intcalc 2019/12/15 v1.3 Expandable calculations with integers (HO)
)
(/usr/share/texlive/texmf-dist/tex/generic/etexcmds/etexcmds.sty
Package: etexcmds 2019/12/15 v1.7 Avoid name clashes with e-TeX commands (HO)
)
\Hy@SavedSpaceFactor=\count274

(/usr/share/texlive/texmf-dist/tex/latex/hyperref/puenc.def
File: puenc.def 2021-06-07 v7.00m Hyperref: PDF Unicode definition (HO)
Now handling font encoding PU ...
... no UTF-8 mapping file for font encoding PU
)
Package hyperref Info: Hyper figures OFF on input line 4192.
Package hyperref Info: Link nesting OFF on input line 4197.
Package hyperref Info: Hyper index ON on input line 4200.
Package hyperref Info: Plain pages OFF on input line 4207.
Package hyperref Info: Backreferencing OFF on input line 4212.
Package hyperref Info: Implicit mode ON; LaTeX internals redefined.
Package hyperref Info: Bookmarks ON on input line 4445.
\c@Hy@tempcnt=\count275

(/usr/share/texlive/texmf-dist/tex/latex/url/url.sty
\Urlmuskip=\muskip17
Package: url 2013/09/16  ver 3.4  Verb mode for urls, etc.
)
LaTeX Info: Redefining \url on input line 4804.
\XeTeXLinkMargin=\dimen149

(/usr/share/texlive/texmf-dist/tex/generic/bitset/bitset.sty
Package: bitset 2019/12/09 v1.3 Handle bit-vector datatype (HO)

(/usr/share/texlive/texmf-dist/tex/generic/bigintcalc/bigintcalc.sty
Package: bigintcalc 2019/12/15 v1.5 Expandable calculations on big integers (HO
)
))
\Fld@menulength=\count276
\Field@Width=\dimen150
\Fld@charsize=\dimen151
Package hyperref Info: Hyper figures OFF on input line 6076.
Package hyperref Info: Link nesting OFF on input line 6081.
Package hyperref Info: Hyper index ON on input line 6084.
Package hyperref Info: backreferencing OFF on input line 6091.
Package hyperref Info: Link coloring OFF on input line 6096.
Package hyperref Info: Link coloring with OCG OFF on input line 6101.
Package hyperref Info: PDF/A mode OFF on input line 6106.
LaTeX Info: Redefining \ref on input line 6146.
LaTeX Info: Redefining \pageref on input line 6150.

(/usr/share/texlive/texmf-dist/tex/latex/base/atbegshi-ltx.sty
Package: atbegshi-ltx 2021/01/10 v1.0c Emulation of the original atbegshi
package with kernel methods
)
\Hy@abspage=\count277
\c@Item=\count278
\c@Hfootnote=\count279
)
Package hyperref Info: Driver (autodetected): hpdftex.

(/usr/share/texlive/texmf-dist/tex/latex/hyperref/hpdftex.def
File: hpdftex.def 2021-06-07 v7.00m Hyperref driver for pdfTeX

(/usr/share/texlive/texmf-dist/tex/latex/base/atveryend-ltx.sty
Package: atveryend-ltx 2020/08/19 v1.0a Emulation of the original atveryend pac
kage
with kernel methods
)
\Fld@listcount=\count280
\c@bookmark@seq@number=\count281

(/usr/share/texlive/texmf-dist/tex/latex/rerunfilecheck/rerunfilecheck.sty
Package: rerunfilecheck 2019/12/05 v1.9 Rerun checks for auxiliary files (HO)

(/usr/share/texlive/texmf-dist/tex/generic/uniquecounter/uniquecounter.sty
Package: uniquecounter 2019/12/15 v1.4 Provide unlimited unique counter (HO)
)
Package uniquecounter Info: New unique counter `rerunfilecheck' on input line 2
86.
)
\Hy@SectionHShift=\skip52
)
(/usr/share/texlive/texmf-dist/tex/latex/tools/longtable.sty
Package: longtable 2021-09-01 v4.17 Multi-page Table package (DPC)
\LTleft=\skip53
\LTright=\skip54
\LTpre=\skip55
\LTpost=\skip56
\LTchunksize=\count282
\LTcapwidth=\dimen152
\LT@head=\box52
\LT@firsthead=\box53
\LT@foot=\box54
\LT@lastfoot=\box55
\LT@gbox=\box56
\LT@cols=\count283
\LT@rows=\count284
\c@LT@tables=\count285
\c@LT@chunks=\count286
\LT@p@ftn=\toks23
)
(/usr/share/texlive/texmf-dist/tex/latex/l3backend/l3backend-pdftex.def
File: l3backend-pdftex.def 2022-01-12 L3 backend support: PDF output (pdfTeX)
\l__color_backend_stack_int=\count287
\l__pdf_internal_box=\box57
)

LaTeX Warning: Unused global option(s):
    [A4].

(./C2HDMS-EWSB.aux)
\openout1 = `C2HDMS-EWSB.aux'.

LaTeX Font Info:    Checking defaults for OML/cmm/m/it on input line 16.
LaTeX Font Info:    ... okay on input line 16.
LaTeX Font Info:    Checking defaults for OMS/cmsy/m/n on input line 16.
LaTeX Font Info:    ... okay on input line 16.
LaTeX Font Info:    Checking defaults for OT1/cmr/m/n on input line 16.
LaTeX Font Info:    ... okay on input line 16.
LaTeX Font Info:    Checking defaults for T1/cmr/m/n on input line 16.
LaTeX Font Info:    ... okay on input line 16.
LaTeX Font Info:    Checking defaults for TS1/cmr/m/n on input line 16.
LaTeX Font Info:    ... okay on input line 16.
LaTeX Font Info:    Checking defaults for OMX/cmex/m/n on input line 16.
LaTeX Font Info:    ... okay on input line 16.
LaTeX Font Info:    Checking defaults for U/cmr/m/n on input line 16.
LaTeX Font Info:    ... okay on input line 16.
LaTeX Font Info:    Checking defaults for PD1/pdf/m/n on input line 16.
LaTeX Font Info:    ... okay on input line 16.
LaTeX Font Info:    Checking defaults for PU/pdf/m/n on input line 16.
LaTeX Font Info:    ... okay on input line 16.

(/usr/share/texlive/texmf-dist/tex/context/base/mkii/supp-pdf.mkii
[Loading MPS to PDF converter (version 2006.09.02).]
\scratchcounter=\count288
\scratchdimen=\dimen153
\scratchbox=\box58
\nofMPsegments=\count289
\nofMParguments=\count290
\everyMPshowfont=\toks24
\MPscratchCnt=\count291
\MPscratchDim=\dimen154
\MPnumerator=\count292
\makeMPintoPDFobject=\count293
\everyMPtoPDFconversion=\toks25
) (/usr/share/texlive/texmf-dist/tex/latex/epstopdf-pkg/epstopdf-base.sty
Package: epstopdf-base 2020-01-24 v2.11 Base part for package epstopdf
Package epstopdf-base Info: Redefining graphics rule for `.eps' on input line 4
85.

(/usr/share/texlive/texmf-dist/tex/latex/latexconfig/epstopdf-sys.cfg
File: epstopdf-sys.cfg 2010/07/13 v1.3 Configuration of (r)epstopdf for TeX Liv
e
))
Package hyperref Info: Link coloring OFF on input line 16.

(/usr/share/texlive/texmf-dist/tex/latex/hyperref/nameref.sty
Package: nameref 2021-04-02 v2.47 Cross-referencing by name of section

(/usr/share/texlive/texmf-dist/tex/latex/refcount/refcount.sty
Package: refcount 2019/12/15 v3.6 Data extraction from label references (HO)
)
(/usr/share/texlive/texmf-dist/tex/generic/gettitlestring/gettitlestring.sty
Package: gettitlestring 2019/12/15 v1.6 Cleanup title references (HO)
)
\c@section@level=\count294
)
LaTeX Info: Redefining \ref on input line 16.
LaTeX Info: Redefining \pageref on input line 16.
LaTeX Info: Redefining \nameref on input line 16.

(./C2HDMS-EWSB.out) (./C2HDMS-EWSB.out)
\@outlinefile=\write4
\openout4 = `C2HDMS-EWSB.out'.

LaTeX Font Info:    Trying to load font information for T1+cmtt on input line 2
2.

(/usr/share/texlive/texmf-dist/tex/latex/base/t1cmtt.fd
File: t1cmtt.fd 2019/12/16 v2.5j Standard LaTeX font definitions
)
LaTeX Font Info:    Trying to load font information for U+msa on input line 22.


(/usr/share/texlive/texmf-dist/tex/latex/amsfonts/umsa.fd
File: umsa.fd 2013/01/14 v3.01 AMS symbols A
)
LaTeX Font Info:    Trying to load font information for U+msb on input line 22.


(/usr/share/texlive/texmf-dist/tex/latex/amsfonts/umsb.fd
File: umsb.fd 2013/01/14 v3.01 AMS symbols B
)
Overfull \hbox (81.20134pt too wide) in paragraph at lines 23--28
\T1/cmr/m/n/10 References: \T1/cmr/bx/n/10 arXiv: 1309.7223 \T1/cmr/m/n/10 , \T
1/cmr/bx/n/10 Comput.Phys.Commun.184:1792-1809,2011 (1207.0906) \T1/cmr/m/n/10 
, \T1/cmr/bx/n/10 Comput.Phys.Commun.182:808-
 []

[1

{/var/lib/texmf/fonts/map/pdftex/updmap/pdftex.map}] (./C2HDMS-EWSB.toc
[2])
\tf@toc=\write5
\openout5 = `C2HDMS-EWSB.toc'.

 [3] (./SF.tex
Overfull \hbox (103.76036pt too wide) detected at line 60
[]
 []

[4]) (./rges.tex [5] [6] [7] [8] [9] [10]
Overfull \hbox (3.11679pt too wide) detected at line 264
[]
 []

[11]
Overfull \hbox (22.94856pt too wide) detected at line 297
[]
 []

[12]) (./RotationsGaugeEWSB.tex [13]
Underfull \hbox (badness 10000) in paragraph at lines 17--19

 []

) (./matricesScalarsEWSB.tex
Overfull \hbox (28.30635pt too wide) detected at line 80
[]
 []

[14] [15] [16] [17]
Overfull \hbox (6.54036pt too wide) detected at line 129
[]
 []

) (./matricesFermionsEWSB.tex [18]) (./VEVsEWSB.tex [19])
(./TadpoleEquations.tex
Overfull \hbox (31.14334pt too wide) detected at line 28
[]
 []

[20]) (./particles.tex [21]) (./SelfEnergy1Loop.tex
Overfull \hbox (60.91988pt too wide) detected at line 18
[]
 []

[22]
Overfull \hbox (67.00119pt too wide) detected at line 32
[]
 []


Overfull \hbox (61.53603pt too wide) detected at line 49
[]
 []

[23]
Overfull \hbox (68.31825pt too wide) detected at line 66
[]
 []

[24]
Overfull \hbox (30.58768pt too wide) detected at line 81
[]
 []

[25]
Overfull \hbox (98.10043pt too wide) detected at line 95
[]
 []

[26]
Overfull \hbox (3241.92896pt too wide) detected at line 100
[]
 []

) (./Tadpoles1Loop.tex
Overfull \hbox (25.16685pt too wide) detected at line 7
[]
 []

) (./VerticesSSS.tex
\openout3 = `Diagrams/FeynDia0.mp'.

File: Diagrams/FeynDia0.1 Graphic file (type mps)
 [MP to PDF] (./Diagrams/FeynDia0.1)
(./Diagrams/FeynDia0.t1) [27] [28] [29] [30] [31] [32] [33] [34] [35] [36]
[37] [38] [39] [40] [41] [42] [43] [44] [45] [46] [47] [48] [49] [50] [51]
\openout3 = `Diagrams/FeynDia1.mp'.

File: Diagrams/FeynDia1.1 Graphic file (type mps)

[MP to PDF] (./Diagrams/FeynDia1.1) (./Diagrams/FeynDia1.t1) [52] [53])
(./VerticesSSV.tex
\openout3 = `Diagrams/FeynDia5.mp'.

File: Diagrams/FeynDia5.1 Graphic file (type mps)
 [MP to PDF] (./Diagrams/FeynDia5.1) (./Diagrams/FeynDia5.t1)
\openout3 = `Diagrams/FeynDia6.mp'.

File: Diagrams/FeynDia6.1 Graphic file (type mps)
[MP to PDF] (./Diagrams/FeynDia6.1) (./Diagrams/FeynDia6.t1)
\openout3 = `Diagrams/FeynDia7.mp'.

File: Diagrams/FeynDia7.1 Graphic file (type mps)
 [MP to PDF]
(./Diagrams/FeynDia7.1) (./Diagrams/FeynDia7.t1) [54]
\openout3 = `Diagrams/FeynDia8.mp'.

File: Diagrams/FeynDia8.1 Graphic file (type mps)
 [MP to PDF]
(./Diagrams/FeynDia8.1) (./Diagrams/FeynDia8.t1)
\openout3 = `Diagrams/FeynDia9.mp'.

File: Diagrams/FeynDia9.1 Graphic file (type mps)
 [MP to PDF]
(./Diagrams/FeynDia9.1) (./Diagrams/FeynDia9.t1)) (./VerticesSVV.tex
\openout3 = `Diagrams/FeynDia10.mp'.

File: Diagrams/FeynDia10.1 Graphic file (type mps)

[MP to PDF] (./Diagrams/FeynDia10.1) (./Diagrams/FeynDia10.t1)
\openout3 = `Diagrams/FeynDia11.mp'.

File: Diagrams/FeynDia11.1 Graphic file (type mps)
 [MP to PDF]
(./Diagrams/FeynDia11.1) (./Diagrams/FeynDia11.t1) [55]
\openout3 = `Diagrams/FeynDia12.mp'.

File: Diagrams/FeynDia12.1 Graphic file (type mps)
 [MP to PDF]
(./Diagrams/FeynDia12.1) (./Diagrams/FeynDia12.t1)
\openout3 = `Diagrams/FeynDia13.mp'.

File: Diagrams/FeynDia13.1 Graphic file (type mps)
 [MP to PDF]
(./Diagrams/FeynDia13.1) (./Diagrams/FeynDia13.t1)
\openout3 = `Diagrams/FeynDia14.mp'.

File: Diagrams/FeynDia14.1 Graphic file (type mps)
 [MP to PDF]
(./Diagrams/FeynDia14.1) (./Diagrams/FeynDia14.t1) [56]
\openout3 = `Diagrams/FeynDia15.mp'.

File: Diagrams/FeynDia15.1 Graphic file (type mps)
 [MP to PDF]
(./Diagrams/FeynDia15.1) (./Diagrams/FeynDia15.t1)) (./VerticesFFV.tex
\openout3 = `Diagrams/FeynDia36.mp'.

File: Diagrams/FeynDia36.1 Graphic file (type mps)

[MP to PDF] (./Diagrams/FeynDia36.1) (./Diagrams/FeynDia36.t1)
\openout3 = `Diagrams/FeynDia37.mp'.

File: Diagrams/FeynDia37.1 Graphic file (type mps)
 [MP to PDF]
(./Diagrams/FeynDia37.1) (./Diagrams/FeynDia37.t1) [57]
\openout3 = `Diagrams/FeynDia38.mp'.

File: Diagrams/FeynDia38.1 Graphic file (type mps)
 [MP to PDF]
(./Diagrams/FeynDia38.1) (./Diagrams/FeynDia38.t1)
\openout3 = `Diagrams/FeynDia39.mp'.

File: Diagrams/FeynDia39.1 Graphic file (type mps)
 [MP to PDF]
(./Diagrams/FeynDia39.1) (./Diagrams/FeynDia39.t1)
\openout3 = `Diagrams/FeynDia40.mp'.

File: Diagrams/FeynDia40.1 Graphic file (type mps)
 [MP to PDF]
(./Diagrams/FeynDia40.1) (./Diagrams/FeynDia40.t1) [58]
\openout3 = `Diagrams/FeynDia41.mp'.

File: Diagrams/FeynDia41.1 Graphic file (type mps)
 [MP to PDF]
(./Diagrams/FeynDia41.1) (./Diagrams/FeynDia41.t1)
\openout3 = `Diagrams/FeynDia42.mp'.

File: Diagrams/FeynDia42.1 Graphic file (type mps)
 [MP to PDF]
(./Diagrams/FeynDia42.1) (./Diagrams/FeynDia42.t1)
\openout3 = `Diagrams/FeynDia43.mp'.

File: Diagrams/FeynDia43.1 Graphic file (type mps)
 [MP to PDF]
(./Diagrams/FeynDia43.1) (./Diagrams/FeynDia43.t1) [59]
\openout3 = `Diagrams/FeynDia44.mp'.

File: Diagrams/FeynDia44.1 Graphic file (type mps)
 [MP to PDF]
(./Diagrams/FeynDia44.1) (./Diagrams/FeynDia44.t1)
\openout3 = `Diagrams/FeynDia45.mp'.

File: Diagrams/FeynDia45.1 Graphic file (type mps)
 [MP to PDF]
(./Diagrams/FeynDia45.1) (./Diagrams/FeynDia45.t1)
\openout3 = `Diagrams/FeynDia46.mp'.

File: Diagrams/FeynDia46.1 Graphic file (type mps)
 [MP to PDF]
(./Diagrams/FeynDia46.1) (./Diagrams/FeynDia46.t1) [60]
\openout3 = `Diagrams/FeynDia47.mp'.

File: Diagrams/FeynDia47.1 Graphic file (type mps)
 [MP to PDF]
(./Diagrams/FeynDia47.1) (./Diagrams/FeynDia47.t1)
\openout3 = `Diagrams/FeynDia48.mp'.

File: Diagrams/FeynDia48.1 Graphic file (type mps)
 [MP to PDF]
(./Diagrams/FeynDia48.1) (./Diagrams/FeynDia48.t1)) (./VerticesFFS.tex
\openout3 = `Diagrams/FeynDia29.mp'.

File: Diagrams/FeynDia29.1 Graphic file (type mps)

[MP to PDF] (./Diagrams/FeynDia29.1) (./Diagrams/FeynDia29.t1) [61]
\openout3 = `Diagrams/FeynDia30.mp'.

File: Diagrams/FeynDia30.1 Graphic file (type mps)

[MP to PDF] (./Diagrams/FeynDia30.1) (./Diagrams/FeynDia30.t1)
\openout3 = `Diagrams/FeynDia31.mp'.

File: Diagrams/FeynDia31.1 Graphic file (type mps)
 [MP to PDF]
(./Diagrams/FeynDia31.1) (./Diagrams/FeynDia31.t1) [62]
\openout3 = `Diagrams/FeynDia32.mp'.

File: Diagrams/FeynDia32.1 Graphic file (type mps)
 [MP to PDF]
(./Diagrams/FeynDia32.1) (./Diagrams/FeynDia32.t1)
\openout3 = `Diagrams/FeynDia33.mp'.

File: Diagrams/FeynDia33.1 Graphic file (type mps)
 [MP to PDF]
(./Diagrams/FeynDia33.1) (./Diagrams/FeynDia33.t1) [63]
\openout3 = `Diagrams/FeynDia34.mp'.

File: Diagrams/FeynDia34.1 Graphic file (type mps)
 [MP to PDF]
(./Diagrams/FeynDia34.1) (./Diagrams/FeynDia34.t1)
\openout3 = `Diagrams/FeynDia35.mp'.

File: Diagrams/FeynDia35.1 Graphic file (type mps)
 [MP to PDF]
(./Diagrams/FeynDia35.1) (./Diagrams/FeynDia35.t1)) (./VerticesVVV.tex
\openout3 = `Diagrams/FeynDia26.mp'.

File: Diagrams/FeynDia26.1 Graphic file (type mps)

[MP to PDF] (./Diagrams/FeynDia26.1) (./Diagrams/FeynDia26.t1) [64]
\openout3 = `Diagrams/FeynDia27.mp'.

File: Diagrams/FeynDia27.1 Graphic file (type mps)

[MP to PDF] (./Diagrams/FeynDia27.1) (./Diagrams/FeynDia27.t1)
\openout3 = `Diagrams/FeynDia28.mp'.

File: Diagrams/FeynDia28.1 Graphic file (type mps)
 [MP to PDF]
(./Diagrams/FeynDia28.1) (./Diagrams/FeynDia28.t1)) (./VerticesSSSS.tex
\openout3 = `Diagrams/FeynDia2.mp'.

File: Diagrams/FeynDia2.1 Graphic file (type mps)

[MP to PDF] (./Diagrams/FeynDia2.1) (./Diagrams/FeynDia2.t1) [65] [66] [67]
[68] [69] [70] [71] [72] [73] [74] [75] [76] [77] [78] [79] [80] [81] [82]
[83] [84] [85] [86] [87] [88] [89] [90] [91] [92] [93] [94] [95] [96] [97]
[98] [99] [100] [101] [102] [103]
\openout3 = `Diagrams/FeynDia3.mp'.

File: Diagrams/FeynDia3.1 Graphic file (type mps)
 [MP to PDF] (./Diagrams/FeynDia3.1)
(./Diagrams/FeynDia3.t1) [104] [105]
\openout3 = `Diagrams/FeynDia4.mp'.

File: Diagrams/FeynDia4.1 Graphic file (type mps)
 [MP to PDF] (./Diagrams/FeynDia4.1)
(./Diagrams/FeynDia4.t1) [106]) (./VerticesSSVV.tex
\openout3 = `Diagrams/FeynDia16.mp'.

File: Diagrams/FeynDia16.1 Graphic file (type mps)
 [MP to PDF]
(./Diagrams/FeynDia16.1) (./Diagrams/FeynDia16.t1)
\openout3 = `Diagrams/FeynDia17.mp'.

File: Diagrams/FeynDia17.1 Graphic file (type mps)
 [MP to PDF]
(./Diagrams/FeynDia17.1) (./Diagrams/FeynDia17.t1)
\openout3 = `Diagrams/FeynDia18.mp'.

File: Diagrams/FeynDia18.1 Graphic file (type mps)
 [MP to PDF]
(./Diagrams/FeynDia18.1) (./Diagrams/FeynDia18.t1) [107]
\openout3 = `Diagrams/FeynDia19.mp'.

File: Diagrams/FeynDia19.1 Graphic file (type mps)
 [MP to PDF]
(./Diagrams/FeynDia19.1) (./Diagrams/FeynDia19.t1)
\openout3 = `Diagrams/FeynDia20.mp'.

File: Diagrams/FeynDia20.1 Graphic file (type mps)
 [MP to PDF]
(./Diagrams/FeynDia20.1) (./Diagrams/FeynDia20.t1)
\openout3 = `Diagrams/FeynDia21.mp'.

File: Diagrams/FeynDia21.1 Graphic file (type mps)
 [MP to PDF]
(./Diagrams/FeynDia21.1) (./Diagrams/FeynDia21.t1) [108]
\openout3 = `Diagrams/FeynDia22.mp'.

File: Diagrams/FeynDia22.1 Graphic file (type mps)
 [MP to PDF]
(./Diagrams/FeynDia22.1) (./Diagrams/FeynDia22.t1)
\openout3 = `Diagrams/FeynDia23.mp'.

File: Diagrams/FeynDia23.1 Graphic file (type mps)
 [MP to PDF]
(./Diagrams/FeynDia23.1) (./Diagrams/FeynDia23.t1)
\openout3 = `Diagrams/FeynDia24.mp'.

File: Diagrams/FeynDia24.1 Graphic file (type mps)
 [MP to PDF]
(./Diagrams/FeynDia24.1) (./Diagrams/FeynDia24.t1) [109]
\openout3 = `Diagrams/FeynDia25.mp'.

File: Diagrams/FeynDia25.1 Graphic file (type mps)
 [MP to PDF]
(./Diagrams/FeynDia25.1) (./Diagrams/FeynDia25.t1)) (./VerticesVVVV.tex
\openout3 = `Diagrams/FeynDia49.mp'.

File: Diagrams/FeynDia49.1 Graphic file (type mps)

[MP to PDF] (./Diagrams/FeynDia49.1) (./Diagrams/FeynDia49.t1) [110]
\openout3 = `Diagrams/FeynDia50.mp'.

File: Diagrams/FeynDia50.1 Graphic file (type mps)

[MP to PDF] (./Diagrams/FeynDia50.1) (./Diagrams/FeynDia50.t1)
\openout3 = `Diagrams/FeynDia51.mp'.

File: Diagrams/FeynDia51.1 Graphic file (type mps)
 [MP to PDF]
(./Diagrams/FeynDia51.1) (./Diagrams/FeynDia51.t1)
\openout3 = `Diagrams/FeynDia52.mp'.

File: Diagrams/FeynDia52.1 Graphic file (type mps)
 [MP to PDF]
(./Diagrams/FeynDia52.1) (./Diagrams/FeynDia52.t1) [111]
\openout3 = `Diagrams/FeynDia53.mp'.

File: Diagrams/FeynDia53.1 Graphic file (type mps)
 [MP to PDF]
(./Diagrams/FeynDia53.1) (./Diagrams/FeynDia53.t1)) (./VerticesGGV.tex
\openout3 = `Diagrams/FeynDia54.mp'.

File: Diagrams/FeynDia54.1 Graphic file (type mps)

[MP to PDF] (./Diagrams/FeynDia54.1) (./Diagrams/FeynDia54.t1) [112]
\openout3 = `Diagrams/FeynDia55.mp'.

File: Diagrams/FeynDia55.1 Graphic file (type mps)

[MP to PDF] (./Diagrams/FeynDia55.1) (./Diagrams/FeynDia55.t1)
\openout3 = `Diagrams/FeynDia56.mp'.

File: Diagrams/FeynDia56.1 Graphic file (type mps)
 [MP to PDF]
(./Diagrams/FeynDia56.1) (./Diagrams/FeynDia56.t1)
\openout3 = `Diagrams/FeynDia57.mp'.

File: Diagrams/FeynDia57.1 Graphic file (type mps)
 [MP to PDF]
(./Diagrams/FeynDia57.1) (./Diagrams/FeynDia57.t1)
\openout3 = `Diagrams/FeynDia58.mp'.

File: Diagrams/FeynDia58.1 Graphic file (type mps)
 [MP to PDF]
(./Diagrams/FeynDia58.1) (./Diagrams/FeynDia58.t1) [113]
\openout3 = `Diagrams/FeynDia59.mp'.

File: Diagrams/FeynDia59.1 Graphic file (type mps)
 [MP to PDF]
(./Diagrams/FeynDia59.1) (./Diagrams/FeynDia59.t1)
\openout3 = `Diagrams/FeynDia60.mp'.

File: Diagrams/FeynDia60.1 Graphic file (type mps)
 [MP to PDF]
(./Diagrams/FeynDia60.1) (./Diagrams/FeynDia60.t1)
\openout3 = `Diagrams/FeynDia61.mp'.

File: Diagrams/FeynDia61.1 Graphic file (type mps)
 [MP to PDF]
(./Diagrams/FeynDia61.1) (./Diagrams/FeynDia61.t1) [114]
\openout3 = `Diagrams/FeynDia62.mp'.

File: Diagrams/FeynDia62.1 Graphic file (type mps)
 [MP to PDF]
(./Diagrams/FeynDia62.1) (./Diagrams/FeynDia62.t1)
\openout3 = `Diagrams/FeynDia63.mp'.

File: Diagrams/FeynDia63.1 Graphic file (type mps)
 [MP to PDF]
(./Diagrams/FeynDia63.1) (./Diagrams/FeynDia63.t1)
\openout3 = `Diagrams/FeynDia64.mp'.

File: Diagrams/FeynDia64.1 Graphic file (type mps)
 [MP to PDF]
(./Diagrams/FeynDia64.1) (./Diagrams/FeynDia64.t1) [115]
\openout3 = `Diagrams/FeynDia65.mp'.

File: Diagrams/FeynDia65.1 Graphic file (type mps)
 [MP to PDF]
(./Diagrams/FeynDia65.1) (./Diagrams/FeynDia65.t1)
\openout3 = `Diagrams/FeynDia66.mp'.

File: Diagrams/FeynDia66.1 Graphic file (type mps)
 [MP to PDF]
(./Diagrams/FeynDia66.1) (./Diagrams/FeynDia66.t1)) (./VerticesGGS.tex
\openout3 = `Diagrams/FeynDia67.mp'.

File: Diagrams/FeynDia67.1 Graphic file (type mps)

[MP to PDF] (./Diagrams/FeynDia67.1) (./Diagrams/FeynDia67.t1) [116]
\openout3 = `Diagrams/FeynDia68.mp'.

File: Diagrams/FeynDia68.1 Graphic file (type mps)

[MP to PDF] (./Diagrams/FeynDia68.1) (./Diagrams/FeynDia68.t1)
\openout3 = `Diagrams/FeynDia69.mp'.

File: Diagrams/FeynDia69.1 Graphic file (type mps)
 [MP to PDF]
(./Diagrams/FeynDia69.1) (./Diagrams/FeynDia69.t1)
\openout3 = `Diagrams/FeynDia70.mp'.

File: Diagrams/FeynDia70.1 Graphic file (type mps)
 [MP to PDF]
(./Diagrams/FeynDia70.1) (./Diagrams/FeynDia70.t1) [117]
\openout3 = `Diagrams/FeynDia71.mp'.

File: Diagrams/FeynDia71.1 Graphic file (type mps)
 [MP to PDF]
(./Diagrams/FeynDia71.1) (./Diagrams/FeynDia71.t1)
\openout3 = `Diagrams/FeynDia72.mp'.

File: Diagrams/FeynDia72.1 Graphic file (type mps)
 [MP to PDF]
(./Diagrams/FeynDia72.1) (./Diagrams/FeynDia72.t1)
\openout3 = `Diagrams/FeynDia73.mp'.

File: Diagrams/FeynDia73.1 Graphic file (type mps)
 [MP to PDF]
(./Diagrams/FeynDia73.1) (./Diagrams/FeynDia73.t1) [118]
\openout3 = `Diagrams/FeynDia74.mp'.

File: Diagrams/FeynDia74.1 Graphic file (type mps)
 [MP to PDF]
(./Diagrams/FeynDia74.1) (./Diagrams/FeynDia74.t1)
\openout3 = `Diagrams/FeynDia75.mp'.

File: Diagrams/FeynDia75.1 Graphic file (type mps)
 [MP to PDF]
(./Diagrams/FeynDia75.1) (./Diagrams/FeynDia75.t1)
\openout3 = `Diagrams/FeynDia76.mp'.

File: Diagrams/FeynDia76.1 Graphic file (type mps)
 [MP to PDF]
(./Diagrams/FeynDia76.1) (./Diagrams/FeynDia76.t1) [119]) (./CG.tex) [120]
(./C2HDMS-EWSB.aux)
Package rerunfilecheck Info: File `C2HDMS-EWSB.out' has not changed.
(rerunfilecheck)             Checksum: 1294937F0F228FD49AAA6BE872A2EF66;8786.
 ) 
Here is how much of TeX's memory you used:
 13565 strings out of 478287
 242971 string characters out of 5849289
 610778 words of memory out of 5000000
 30631 multiletter control sequences out of 15000+600000
 485041 words of font info for 71 fonts, out of 8000000 for 9000
 1141 hyphenation exceptions out of 8191
 60i,15n,63p,2899b,487s stack positions out of 5000i,500n,10000p,200000b,80000s
{/usr/share/texmf/fonts/enc/dvips/cm-super/cm-super-t1.enc}{/usr/share/texmf/
fonts/enc/dvips/cm-super/cm-super-ts1.enc}</usr/share/texlive/texmf-dist/fonts/
type1/public/amsfonts/cm/cmbx10.pfb></usr/share/texlive/texmf-dist/fonts/type1/
public/amsfonts/cm/cmex10.pfb></usr/share/texlive/texmf-dist/fonts/type1/public
/amsfonts/cm/cmmi10.pfb></usr/share/texlive/texmf-dist/fonts/type1/public/amsfo
nts/cm/cmmi5.pfb></usr/share/texlive/texmf-dist/fonts/type1/public/amsfonts/cm/
cmmi7.pfb></usr/share/texlive/texmf-dist/fonts/type1/public/amsfonts/cm/cmr10.p
fb></usr/share/texlive/texmf-dist/fonts/type1/public/amsfonts/cm/cmr5.pfb></usr
/share/texlive/texmf-dist/fonts/type1/public/amsfonts/cm/cmr7.pfb></usr/share/t
exlive/texmf-dist/fonts/type1/public/amsfonts/cm/cmsy10.pfb></usr/share/texlive
/texmf-dist/fonts/type1/public/amsfonts/cm/cmsy5.pfb></usr/share/texlive/texmf-
dist/fonts/type1/public/amsfonts/cm/cmsy7.pfb></usr/share/texmf/fonts/type1/pub
lic/cm-super/sfbx1000.pfb></usr/share/texmf/fonts/type1/public/cm-super/sfbx120
0.pfb></usr/share/texmf/fonts/type1/public/cm-super/sfbx1440.pfb></usr/share/te
xmf/fonts/type1/public/cm-super/sfrm0700.pfb></usr/share/texmf/fonts/type1/publ
ic/cm-super/sfrm1000.pfb></usr/share/texmf/fonts/type1/public/cm-super/sfrm1200
.pfb></usr/share/texmf/fonts/type1/public/cm-super/sfrm1728.pfb></usr/share/tex
mf/fonts/type1/public/cm-super/sftt1000.pfb></usr/share/texmf/fonts/type1/publi
c/cm-super/sftt1200.pfb></usr/share/texmf/fonts/type1/public/cm-super/sftt1440.
pfb></usr/share/texmf/fonts/type1/public/cm-super/sftt1728.pfb>
Output written on C2HDMS-EWSB.pdf (120 pages, 609426 bytes).
PDF statistics:
 1225 PDF objects out of 1440 (max. 8388607)
 1047 compressed objects within 11 object streams
 448 named destinations out of 1000 (max. 500000)
 337 words of extra memory for PDF output out of 10000 (max. 10000000)

