This is pdfTeX, Version 3.14159265-2.6-1.40.18 (TeX Live 2017/Debian) (preloaded format=pdflatex 2019.10.22)  29 JUN 2021 12:08
entering extended mode
 restricted \write18 enabled.
 %&-line parsing enabled.
**N2HDM-EWSB.tex
(./N2HDM-EWSB.tex
LaTeX2e <2017-04-15>
Babel <3.18> and hyphenation patterns for 33 language(s) loaded.
(/usr/share/texlive/texmf-dist/tex/latex/base/article.cls
Document Class: article 2014/09/29 v1.4h Standard LaTeX document class
(/usr/share/texlive/texmf-dist/tex/latex/base/size10.clo
File: size10.clo 2014/09/29 v1.4h Standard LaTeX file (size option)
)
\c@part=\count79
\c@section=\count80
\c@subsection=\count81
\c@subsubsection=\count82
\c@paragraph=\count83
\c@subparagraph=\count84
\c@figure=\count85
\c@table=\count86
\abovecaptionskip=\skip41
\belowcaptionskip=\skip42
\bibindent=\dimen102
)
(/usr/share/texlive/texmf-dist/tex/latex/amsmath/amsmath.sty
Package: amsmath 2017/09/02 v2.17a AMS math features
\@mathmargin=\skip43

For additional information on amsmath, use the `?' option.
(/usr/share/texlive/texmf-dist/tex/latex/amsmath/amstext.sty
Package: amstext 2000/06/29 v2.01 AMS text

(/usr/share/texlive/texmf-dist/tex/latex/amsmath/amsgen.sty
File: amsgen.sty 1999/11/30 v2.0 generic functions
\@emptytoks=\toks14
\ex@=\dimen103
))
(/usr/share/texlive/texmf-dist/tex/latex/amsmath/amsbsy.sty
Package: amsbsy 1999/11/29 v1.2d Bold Symbols
\pmbraise@=\dimen104
)
(/usr/share/texlive/texmf-dist/tex/latex/amsmath/amsopn.sty
Package: amsopn 2016/03/08 v2.02 operator names
)
\inf@bad=\count87
LaTeX Info: Redefining \frac on input line 213.
\uproot@=\count88
\leftroot@=\count89
LaTeX Info: Redefining \overline on input line 375.
\classnum@=\count90
\DOTSCASE@=\count91
LaTeX Info: Redefining \ldots on input line 472.
LaTeX Info: Redefining \dots on input line 475.
LaTeX Info: Redefining \cdots on input line 596.
\Mathstrutbox@=\box26
\strutbox@=\box27
\big@size=\dimen105
LaTeX Font Info:    Redeclaring font encoding OML on input line 712.
LaTeX Font Info:    Redeclaring font encoding OMS on input line 713.
\macc@depth=\count92
\c@MaxMatrixCols=\count93
\dotsspace@=\muskip10
\c@parentequation=\count94
\dspbrk@lvl=\count95
\tag@help=\toks15
\row@=\count96
\column@=\count97
\maxfields@=\count98
\andhelp@=\toks16
\eqnshift@=\dimen106
\alignsep@=\dimen107
\tagshift@=\dimen108
\tagwidth@=\dimen109
\totwidth@=\dimen110
\lineht@=\dimen111
\@envbody=\toks17
\multlinegap=\skip44
\multlinetaggap=\skip45
\mathdisplay@stack=\toks18
LaTeX Info: Redefining \[ on input line 2817.
LaTeX Info: Redefining \] on input line 2818.
)
(/usr/share/texlive/texmf-dist/tex/latex/base/fontenc.sty
Package: fontenc 2017/04/05 v2.0i Standard LaTeX package

(/usr/share/texlive/texmf-dist/tex/latex/base/t1enc.def
File: t1enc.def 2017/04/05 v2.0i Standard LaTeX file
LaTeX Font Info:    Redeclaring font encoding T1 on input line 48.
))
(/usr/share/texlive/texmf-dist/tex/latex/amsfonts/amssymb.sty
Package: amssymb 2013/01/14 v3.01 AMS font symbols

(/usr/share/texlive/texmf-dist/tex/latex/amsfonts/amsfonts.sty
Package: amsfonts 2013/01/14 v3.01 Basic AMSFonts support
\symAMSa=\mathgroup4
\symAMSb=\mathgroup5
LaTeX Font Info:    Overwriting math alphabet `\mathfrak' in version `bold'
(Font)                  U/euf/m/n --> U/euf/b/n on input line 106.
))
(/usr/share/texmf/tex/latex/feynmf/feynmp.sty
Package: feynmp 1996/12/02 v1.08 LaTeX/MetaPost Feynman Diagram Package (ohl)

(/usr/share/texlive/texmf-dist/tex/latex/graphics/graphics.sty
Package: graphics 2017/06/25 v1.2c Standard LaTeX Graphics (DPC,SPQR)

(/usr/share/texlive/texmf-dist/tex/latex/graphics/trig.sty
Package: trig 2016/01/03 v1.10 sin cos tan (DPC)
)
(/usr/share/texlive/texmf-dist/tex/latex/graphics-cfg/graphics.cfg
File: graphics.cfg 2016/06/04 v1.11 sample graphics configuration
)
Package graphics Info: Driver file: pdftex.def on input line 99.

(/usr/share/texlive/texmf-dist/tex/latex/graphics-def/pdftex.def
File: pdftex.def 2018/01/08 v1.0l Graphics/color driver for pdftex
))
\@outfmf=\write3
\fmfbuf@=\toks19
\c@fmfgraph=\count99
)
(/usr/share/texlive/texmf-dist/tex/latex/hyperref/hyperref.sty
Package: hyperref 2018/02/06 v6.86b Hypertext links for LaTeX

(/usr/share/texlive/texmf-dist/tex/generic/oberdiek/hobsub-hyperref.sty
Package: hobsub-hyperref 2016/05/16 v1.14 Bundle oberdiek, subset hyperref (HO)


(/usr/share/texlive/texmf-dist/tex/generic/oberdiek/hobsub-generic.sty
Package: hobsub-generic 2016/05/16 v1.14 Bundle oberdiek, subset generic (HO)
Package: hobsub 2016/05/16 v1.14 Construct package bundles (HO)
Package: infwarerr 2016/05/16 v1.4 Providing info/warning/error messages (HO)
Package: ltxcmds 2016/05/16 v1.23 LaTeX kernel commands for general use (HO)
Package: ifluatex 2016/05/16 v1.4 Provides the ifluatex switch (HO)
Package ifluatex Info: LuaTeX not detected.
Package: ifvtex 2016/05/16 v1.6 Detect VTeX and its facilities (HO)
Package ifvtex Info: VTeX not detected.
Package: intcalc 2016/05/16 v1.2 Expandable calculations with integers (HO)
Package: ifpdf 2017/03/15 v3.2 Provides the ifpdf switch
Package: etexcmds 2016/05/16 v1.6 Avoid name clashes with e-TeX commands (HO)
Package etexcmds Info: Could not find \expanded.
(etexcmds)             That can mean that you are not using pdfTeX 1.50 or
(etexcmds)             that some package has redefined \expanded.
(etexcmds)             In the latter case, load this package earlier.
Package: kvsetkeys 2016/05/16 v1.17 Key value parser (HO)
Package: kvdefinekeys 2016/05/16 v1.4 Define keys (HO)
Package: pdftexcmds 2018/01/21 v0.26 Utility functions of pdfTeX for LuaTeX (HO
)
Package pdftexcmds Info: LuaTeX not detected.
Package pdftexcmds Info: \pdf@primitive is available.
Package pdftexcmds Info: \pdf@ifprimitive is available.
Package pdftexcmds Info: \pdfdraftmode found.
Package: pdfescape 2016/05/16 v1.14 Implements pdfTeX's escape features (HO)
Package: bigintcalc 2016/05/16 v1.4 Expandable calculations on big integers (HO
)
Package: bitset 2016/05/16 v1.2 Handle bit-vector datatype (HO)
Package: uniquecounter 2016/05/16 v1.3 Provide unlimited unique counter (HO)
)
Package hobsub Info: Skipping package `hobsub' (already loaded).
Package: letltxmacro 2016/05/16 v1.5 Let assignment for LaTeX macros (HO)
Package: hopatch 2016/05/16 v1.3 Wrapper for package hooks (HO)
Package: xcolor-patch 2016/05/16 xcolor patch
Package: atveryend 2016/05/16 v1.9 Hooks at the very end of document (HO)
Package atveryend Info: \enddocument detected (standard20110627).
Package: atbegshi 2016/06/09 v1.18 At begin shipout hook (HO)
Package: refcount 2016/05/16 v3.5 Data extraction from label references (HO)
Package: hycolor 2016/05/16 v1.8 Color options for hyperref/bookmark (HO)
)
(/usr/share/texlive/texmf-dist/tex/latex/graphics/keyval.sty
Package: keyval 2014/10/28 v1.15 key=value parser (DPC)
\KV@toks@=\toks20
)
(/usr/share/texlive/texmf-dist/tex/generic/ifxetex/ifxetex.sty
Package: ifxetex 2010/09/12 v0.6 Provides ifxetex conditional
)
(/usr/share/texlive/texmf-dist/tex/latex/oberdiek/auxhook.sty
Package: auxhook 2016/05/16 v1.4 Hooks for auxiliary files (HO)
)
(/usr/share/texlive/texmf-dist/tex/latex/oberdiek/kvoptions.sty
Package: kvoptions 2016/05/16 v3.12 Key value format for package options (HO)
)
\@linkdim=\dimen112
\Hy@linkcounter=\count100
\Hy@pagecounter=\count101

(/usr/share/texlive/texmf-dist/tex/latex/hyperref/pd1enc.def
File: pd1enc.def 2018/02/06 v6.86b Hyperref: PDFDocEncoding definition (HO)
)
\Hy@SavedSpaceFactor=\count102

(/usr/share/texlive/texmf-dist/tex/latex/latexconfig/hyperref.cfg
File: hyperref.cfg 2002/06/06 v1.2 hyperref configuration of TeXLive
)
Package hyperref Info: Hyper figures OFF on input line 4509.
Package hyperref Info: Link nesting OFF on input line 4514.
Package hyperref Info: Hyper index ON on input line 4517.
Package hyperref Info: Plain pages OFF on input line 4524.
Package hyperref Info: Backreferencing OFF on input line 4529.
Package hyperref Info: Implicit mode ON; LaTeX internals redefined.
Package hyperref Info: Bookmarks ON on input line 4762.
\c@Hy@tempcnt=\count103

(/usr/share/texlive/texmf-dist/tex/latex/url/url.sty
\Urlmuskip=\muskip11
Package: url 2013/09/16  ver 3.4  Verb mode for urls, etc.
)
LaTeX Info: Redefining \url on input line 5115.
\XeTeXLinkMargin=\dimen113
\Fld@menulength=\count104
\Field@Width=\dimen114
\Fld@charsize=\dimen115
Package hyperref Info: Hyper figures OFF on input line 6369.
Package hyperref Info: Link nesting OFF on input line 6374.
Package hyperref Info: Hyper index ON on input line 6377.
Package hyperref Info: backreferencing OFF on input line 6384.
Package hyperref Info: Link coloring OFF on input line 6389.
Package hyperref Info: Link coloring with OCG OFF on input line 6394.
Package hyperref Info: PDF/A mode OFF on input line 6399.
LaTeX Info: Redefining \ref on input line 6439.
LaTeX Info: Redefining \pageref on input line 6443.
\Hy@abspage=\count105
\c@Item=\count106
\c@Hfootnote=\count107
)
Package hyperref Info: Driver (autodetected): hpdftex.

(/usr/share/texlive/texmf-dist/tex/latex/hyperref/hpdftex.def
File: hpdftex.def 2018/02/06 v6.86b Hyperref driver for pdfTeX
\Fld@listcount=\count108
\c@bookmark@seq@number=\count109

(/usr/share/texlive/texmf-dist/tex/latex/oberdiek/rerunfilecheck.sty
Package: rerunfilecheck 2016/05/16 v1.8 Rerun checks for auxiliary files (HO)
Package uniquecounter Info: New unique counter `rerunfilecheck' on input line 2
82.
)
\Hy@SectionHShift=\skip46
)
(/usr/share/texlive/texmf-dist/tex/latex/tools/longtable.sty
Package: longtable 2014/10/28 v4.11 Multi-page Table package (DPC)
\LTleft=\skip47
\LTright=\skip48
\LTpre=\skip49
\LTpost=\skip50
\LTchunksize=\count110
\LTcapwidth=\dimen116
\LT@head=\box28
\LT@firsthead=\box29
\LT@foot=\box30
\LT@lastfoot=\box31
\LT@cols=\count111
\LT@rows=\count112
\c@LT@tables=\count113
\c@LT@chunks=\count114
\LT@p@ftn=\toks21
)

LaTeX Warning: Unused global option(s):
    [A4].

(./N2HDM-EWSB.aux)
\openout1 = `N2HDM-EWSB.aux'.

LaTeX Font Info:    Checking defaults for OML/cmm/m/it on input line 16.
LaTeX Font Info:    ... okay on input line 16.
LaTeX Font Info:    Checking defaults for T1/cmr/m/n on input line 16.
LaTeX Font Info:    ... okay on input line 16.
LaTeX Font Info:    Checking defaults for OT1/cmr/m/n on input line 16.
LaTeX Font Info:    ... okay on input line 16.
LaTeX Font Info:    Checking defaults for OMS/cmsy/m/n on input line 16.
LaTeX Font Info:    ... okay on input line 16.
LaTeX Font Info:    Checking defaults for OMX/cmex/m/n on input line 16.
LaTeX Font Info:    ... okay on input line 16.
LaTeX Font Info:    Checking defaults for U/cmr/m/n on input line 16.
LaTeX Font Info:    ... okay on input line 16.
LaTeX Font Info:    Checking defaults for PD1/pdf/m/n on input line 16.
LaTeX Font Info:    ... okay on input line 16.

(/usr/share/texlive/texmf-dist/tex/context/base/mkii/supp-pdf.mkii
[Loading MPS to PDF converter (version 2006.09.02).]
\scratchcounter=\count115
\scratchdimen=\dimen117
\scratchbox=\box32
\nofMPsegments=\count116
\nofMParguments=\count117
\everyMPshowfont=\toks22
\MPscratchCnt=\count118
\MPscratchDim=\dimen118
\MPnumerator=\count119
\makeMPintoPDFobject=\count120
\everyMPtoPDFconversion=\toks23
) (/usr/share/texlive/texmf-dist/tex/latex/oberdiek/epstopdf-base.sty
Package: epstopdf-base 2016/05/15 v2.6 Base part for package epstopdf

(/usr/share/texlive/texmf-dist/tex/latex/oberdiek/grfext.sty
Package: grfext 2016/05/16 v1.2 Manage graphics extensions (HO)
)
Package epstopdf-base Info: Redefining graphics rule for `.eps' on input line 4
38.
Package grfext Info: Graphics extension search list:
(grfext)             [.pdf,.png,.jpg,.mps,.jpeg,.jbig2,.jb2,.PDF,.PNG,.JPG,.JPE
G,.JBIG2,.JB2,.eps]
(grfext)             \AppendGraphicsExtensions on input line 456.

(/usr/share/texlive/texmf-dist/tex/latex/latexconfig/epstopdf-sys.cfg
File: epstopdf-sys.cfg 2010/07/13 v1.3 Configuration of (r)epstopdf for TeX Liv
e
))
\AtBeginShipoutBox=\box33
Package hyperref Info: Link coloring OFF on input line 16.

(/usr/share/texlive/texmf-dist/tex/latex/hyperref/nameref.sty
Package: nameref 2016/05/21 v2.44 Cross-referencing by name of section

(/usr/share/texlive/texmf-dist/tex/generic/oberdiek/gettitlestring.sty
Package: gettitlestring 2016/05/16 v1.5 Cleanup title references (HO)
)
\c@section@level=\count121
)
LaTeX Info: Redefining \ref on input line 16.
LaTeX Info: Redefining \pageref on input line 16.
LaTeX Info: Redefining \nameref on input line 16.

(./N2HDM-EWSB.out) (./N2HDM-EWSB.out)
\@outlinefile=\write4
\openout4 = `N2HDM-EWSB.out'.

LaTeX Font Info:    Try loading font information for T1+cmtt on input line 21.

(/usr/share/texlive/texmf-dist/tex/latex/base/t1cmtt.fd
File: t1cmtt.fd 2014/09/29 v2.5h Standard LaTeX font definitions
)
LaTeX Font Info:    Try loading font information for U+msa on input line 21.

(/usr/share/texlive/texmf-dist/tex/latex/amsfonts/umsa.fd
File: umsa.fd 2013/01/14 v3.01 AMS symbols A
)
LaTeX Font Info:    Try loading font information for U+msb on input line 21.

(/usr/share/texlive/texmf-dist/tex/latex/amsfonts/umsb.fd
File: umsb.fd 2013/01/14 v3.01 AMS symbols B
)
Overfull \hbox (81.20134pt too wide) in paragraph at lines 22--27
\T1/cmr/m/n/10 References: \T1/cmr/bx/n/10 arXiv: 1309.7223 \T1/cmr/m/n/10 , \T
1/cmr/bx/n/10 Comput.Phys.Commun.184:1792-1809,2011 (1207.0906) \T1/cmr/m/n/10 
, \T1/cmr/bx/n/10 Comput.Phys.Commun.182:808-
 []

[1

{/var/lib/texmf/fonts/map/pdftex/updmap/pdftex.map}] (./N2HDM-EWSB.toc)
\tf@toc=\write5
\openout5 = `N2HDM-EWSB.toc'.


[2] (./SF.tex [3]) (./RotationsGaugeEWSB.tex
Underfull \hbox (badness 10000) in paragraph at lines 17--19

 []

) (./matricesScalarsEWSB.tex
LaTeX Font Info:    Try loading font information for OMS+cmr on input line 4.

(/usr/share/texlive/texmf-dist/tex/latex/base/omscmr.fd
File: omscmr.fd 2014/09/29 v2.5h Standard LaTeX font definitions
)
LaTeX Font Info:    Font shape `OMS/cmr/m/n' in size <10> not available
(Font)              Font shape `OMS/cmsy/m/n' tried instead on input line 4.
 [4] [5])
(./matricesFermionsEWSB.tex [6]) (./VEVsEWSB.tex) (./TadpoleEquations.tex)
(./particles.tex
Underfull \vbox (badness 10000) detected at line 25
 []

[7]) (./SelfEnergy1Loop.tex
Overfull \hbox (60.91988pt too wide) detected at line 19
[]
 []

[8] [9]
Overfull \hbox (67.00119pt too wide) detected at line 53
[]
 []

[10]
Overfull \hbox (61.53603pt too wide) detected at line 73
[]
 []

[11]
Overfull \hbox (68.31825pt too wide) detected at line 93
[]
 []

[12]
Overfull \hbox (30.58768pt too wide) detected at line 111
[]
 []

[13]
Overfull \hbox (85.8783pt too wide) detected at line 126
[]
 []

[14]
Overfull \hbox (3559.60875pt too wide) detected at line 131
[]
 []

) (./Tadpoles1Loop.tex
Overfull \hbox (26.66504pt too wide) detected at line 8
[]
 []

[15]) (./VerticesSSS.tex
\openout3 = `Diagrams/FeynDia0.mp'.

File: Diagrams/FeynDia0.1 Graphic file (type mps)
 [MP to PDF] (./Diagrams/FeynDia0.1)
(./Diagrams/FeynDia0.t1)
\openout3 = `Diagrams/FeynDia1.mp'.

File: Diagrams/FeynDia1.1 Graphic file (type mps)
 [MP to PDF] (./Diagrams/FeynDia1.1)
(./Diagrams/FeynDia1.t1)
\openout3 = `Diagrams/FeynDia2.mp'.

File: Diagrams/FeynDia2.1 Graphic file (type mps)
 [MP to PDF] (./Diagrams/FeynDia2.1)
(./Diagrams/FeynDia2.t1) [16]
\openout3 = `Diagrams/FeynDia3.mp'.

File: Diagrams/FeynDia3.1 Graphic file (type mps)
 [MP to PDF] (./Diagrams/FeynDia3.1)
(./Diagrams/FeynDia3.t1)
\openout3 = `Diagrams/FeynDia4.mp'.

File: Diagrams/FeynDia4.1 Graphic file (type mps)
 [MP to PDF] (./Diagrams/FeynDia4.1)
(./Diagrams/FeynDia4.t1) [17]
\openout3 = `Diagrams/FeynDia5.mp'.

File: Diagrams/FeynDia5.1 Graphic file (type mps)
 [MP to PDF] (./Diagrams/FeynDia5.1)
(./Diagrams/FeynDia5.t1)) (./VerticesSSV.tex
\openout3 = `Diagrams/FeynDia15.mp'.

File: Diagrams/FeynDia15.1 Graphic file (type mps)
 [MP to PDF]
(./Diagrams/FeynDia15.1) (./Diagrams/FeynDia15.t1)
\openout3 = `Diagrams/FeynDia16.mp'.

File: Diagrams/FeynDia16.1 Graphic file (type mps)
 [MP to PDF]
(./Diagrams/FeynDia16.1) (./Diagrams/FeynDia16.t1) [18]
\openout3 = `Diagrams/FeynDia17.mp'.

File: Diagrams/FeynDia17.1 Graphic file (type mps)
 [MP to PDF]
(./Diagrams/FeynDia17.1) (./Diagrams/FeynDia17.t1)
\openout3 = `Diagrams/FeynDia18.mp'.

File: Diagrams/FeynDia18.1 Graphic file (type mps)
 [MP to PDF]
(./Diagrams/FeynDia18.1) (./Diagrams/FeynDia18.t1)
\openout3 = `Diagrams/FeynDia19.mp'.

File: Diagrams/FeynDia19.1 Graphic file (type mps)
 [MP to PDF]
(./Diagrams/FeynDia19.1) (./Diagrams/FeynDia19.t1) [19]
\openout3 = `Diagrams/FeynDia20.mp'.

File: Diagrams/FeynDia20.1 Graphic file (type mps)
 [MP to PDF]
(./Diagrams/FeynDia20.1) (./Diagrams/FeynDia20.t1)
\openout3 = `Diagrams/FeynDia21.mp'.

File: Diagrams/FeynDia21.1 Graphic file (type mps)
 [MP to PDF]
(./Diagrams/FeynDia21.1) (./Diagrams/FeynDia21.t1)) (./VerticesSVV.tex
\openout3 = `Diagrams/FeynDia22.mp'.

File: Diagrams/FeynDia22.1 Graphic file (type mps)

[MP to PDF] (./Diagrams/FeynDia22.1) (./Diagrams/FeynDia22.t1) [20]
\openout3 = `Diagrams/FeynDia23.mp'.

File: Diagrams/FeynDia23.1 Graphic file (type mps)

[MP to PDF] (./Diagrams/FeynDia23.1) (./Diagrams/FeynDia23.t1)
\openout3 = `Diagrams/FeynDia24.mp'.

File: Diagrams/FeynDia24.1 Graphic file (type mps)
 [MP to PDF]
(./Diagrams/FeynDia24.1) (./Diagrams/FeynDia24.t1)
\openout3 = `Diagrams/FeynDia25.mp'.

File: Diagrams/FeynDia25.1 Graphic file (type mps)
 [MP to PDF]
(./Diagrams/FeynDia25.1) (./Diagrams/FeynDia25.t1) [21]
\openout3 = `Diagrams/FeynDia26.mp'.

File: Diagrams/FeynDia26.1 Graphic file (type mps)
 [MP to PDF]
(./Diagrams/FeynDia26.1) (./Diagrams/FeynDia26.t1)
\openout3 = `Diagrams/FeynDia27.mp'.

File: Diagrams/FeynDia27.1 Graphic file (type mps)
 [MP to PDF]
(./Diagrams/FeynDia27.1) (./Diagrams/FeynDia27.t1)) (./VerticesFFV.tex
\openout3 = `Diagrams/FeynDia57.mp'.

File: Diagrams/FeynDia57.1 Graphic file (type mps)

[MP to PDF] (./Diagrams/FeynDia57.1) (./Diagrams/FeynDia57.t1) [22]
\openout3 = `Diagrams/FeynDia58.mp'.

File: Diagrams/FeynDia58.1 Graphic file (type mps)

[MP to PDF] (./Diagrams/FeynDia58.1) (./Diagrams/FeynDia58.t1)
\openout3 = `Diagrams/FeynDia59.mp'.

File: Diagrams/FeynDia59.1 Graphic file (type mps)
 [MP to PDF]
(./Diagrams/FeynDia59.1) (./Diagrams/FeynDia59.t1) [23]
\openout3 = `Diagrams/FeynDia60.mp'.

File: Diagrams/FeynDia60.1 Graphic file (type mps)
 [MP to PDF]
(./Diagrams/FeynDia60.1) (./Diagrams/FeynDia60.t1)
\openout3 = `Diagrams/FeynDia61.mp'.

File: Diagrams/FeynDia61.1 Graphic file (type mps)
 [MP to PDF]
(./Diagrams/FeynDia61.1) (./Diagrams/FeynDia61.t1)
\openout3 = `Diagrams/FeynDia62.mp'.

File: Diagrams/FeynDia62.1 Graphic file (type mps)
 [MP to PDF]
(./Diagrams/FeynDia62.1) (./Diagrams/FeynDia62.t1) [24]
\openout3 = `Diagrams/FeynDia63.mp'.

File: Diagrams/FeynDia63.1 Graphic file (type mps)
 [MP to PDF]
(./Diagrams/FeynDia63.1) (./Diagrams/FeynDia63.t1)
\openout3 = `Diagrams/FeynDia64.mp'.

File: Diagrams/FeynDia64.1 Graphic file (type mps)
 [MP to PDF]
(./Diagrams/FeynDia64.1) (./Diagrams/FeynDia64.t1)
\openout3 = `Diagrams/FeynDia65.mp'.

File: Diagrams/FeynDia65.1 Graphic file (type mps)
 [MP to PDF]
(./Diagrams/FeynDia65.1) (./Diagrams/FeynDia65.t1) [25]
\openout3 = `Diagrams/FeynDia66.mp'.

File: Diagrams/FeynDia66.1 Graphic file (type mps)
 [MP to PDF]
(./Diagrams/FeynDia66.1) (./Diagrams/FeynDia66.t1)
\openout3 = `Diagrams/FeynDia67.mp'.

File: Diagrams/FeynDia67.1 Graphic file (type mps)
 [MP to PDF]
(./Diagrams/FeynDia67.1) (./Diagrams/FeynDia67.t1)
\openout3 = `Diagrams/FeynDia68.mp'.

File: Diagrams/FeynDia68.1 Graphic file (type mps)
 [MP to PDF]
(./Diagrams/FeynDia68.1) (./Diagrams/FeynDia68.t1) [26]
\openout3 = `Diagrams/FeynDia69.mp'.

File: Diagrams/FeynDia69.1 Graphic file (type mps)
 [MP to PDF]
(./Diagrams/FeynDia69.1) (./Diagrams/FeynDia69.t1)) (./VerticesFFS.tex
\openout3 = `Diagrams/FeynDia47.mp'.

File: Diagrams/FeynDia47.1 Graphic file (type mps)

[MP to PDF] (./Diagrams/FeynDia47.1) (./Diagrams/FeynDia47.t1)
\openout3 = `Diagrams/FeynDia48.mp'.

File: Diagrams/FeynDia48.1 Graphic file (type mps)
 [MP to PDF]
(./Diagrams/FeynDia48.1) (./Diagrams/FeynDia48.t1) [27]
\openout3 = `Diagrams/FeynDia49.mp'.

File: Diagrams/FeynDia49.1 Graphic file (type mps)
 [MP to PDF]
(./Diagrams/FeynDia49.1) (./Diagrams/FeynDia49.t1)
\openout3 = `Diagrams/FeynDia50.mp'.

File: Diagrams/FeynDia50.1 Graphic file (type mps)
 [MP to PDF]
(./Diagrams/FeynDia50.1) (./Diagrams/FeynDia50.t1)
\openout3 = `Diagrams/FeynDia51.mp'.

File: Diagrams/FeynDia51.1 Graphic file (type mps)
 [MP to PDF]
(./Diagrams/FeynDia51.1) (./Diagrams/FeynDia51.t1) [28]
\openout3 = `Diagrams/FeynDia52.mp'.

File: Diagrams/FeynDia52.1 Graphic file (type mps)
 [MP to PDF]
(./Diagrams/FeynDia52.1) (./Diagrams/FeynDia52.t1)
\openout3 = `Diagrams/FeynDia53.mp'.

File: Diagrams/FeynDia53.1 Graphic file (type mps)
 [MP to PDF]
(./Diagrams/FeynDia53.1) (./Diagrams/FeynDia53.t1) [29]
\openout3 = `Diagrams/FeynDia54.mp'.

File: Diagrams/FeynDia54.1 Graphic file (type mps)
 [MP to PDF]
(./Diagrams/FeynDia54.1) (./Diagrams/FeynDia54.t1)
\openout3 = `Diagrams/FeynDia55.mp'.

File: Diagrams/FeynDia55.1 Graphic file (type mps)
 [MP to PDF]
(./Diagrams/FeynDia55.1) (./Diagrams/FeynDia55.t1)
\openout3 = `Diagrams/FeynDia56.mp'.

File: Diagrams/FeynDia56.1 Graphic file (type mps)
 [MP to PDF]
(./Diagrams/FeynDia56.1) (./Diagrams/FeynDia56.t1) [30]) (./VerticesVVV.tex
\openout3 = `Diagrams/FeynDia44.mp'.

File: Diagrams/FeynDia44.1 Graphic file (type mps)

[MP to PDF] (./Diagrams/FeynDia44.1) (./Diagrams/FeynDia44.t1)
\openout3 = `Diagrams/FeynDia45.mp'.

File: Diagrams/FeynDia45.1 Graphic file (type mps)
 [MP to PDF]
(./Diagrams/FeynDia45.1) (./Diagrams/FeynDia45.t1)
\openout3 = `Diagrams/FeynDia46.mp'.

File: Diagrams/FeynDia46.1 Graphic file (type mps)
 [MP to PDF]
(./Diagrams/FeynDia46.1) (./Diagrams/FeynDia46.t1) [31]) (./VerticesSSSS.tex
\openout3 = `Diagrams/FeynDia6.mp'.

File: Diagrams/FeynDia6.1 Graphic file (type mps)

[MP to PDF] (./Diagrams/FeynDia6.1) (./Diagrams/FeynDia6.t1)
\openout3 = `Diagrams/FeynDia7.mp'.

File: Diagrams/FeynDia7.1 Graphic file (type mps)
 [MP to PDF]
(./Diagrams/FeynDia7.1) (./Diagrams/FeynDia7.t1) [32]
\openout3 = `Diagrams/FeynDia8.mp'.

File: Diagrams/FeynDia8.1 Graphic file (type mps)
 [MP to PDF]
(./Diagrams/FeynDia8.1) (./Diagrams/FeynDia8.t1)
\openout3 = `Diagrams/FeynDia9.mp'.

File: Diagrams/FeynDia9.1 Graphic file (type mps)
 [MP to PDF]
(./Diagrams/FeynDia9.1) (./Diagrams/FeynDia9.t1)
\openout3 = `Diagrams/FeynDia10.mp'.

File: Diagrams/FeynDia10.1 Graphic file (type mps)
 [MP to PDF]
(./Diagrams/FeynDia10.1) (./Diagrams/FeynDia10.t1) [33]
\openout3 = `Diagrams/FeynDia11.mp'.

File: Diagrams/FeynDia11.1 Graphic file (type mps)
 [MP to PDF]
(./Diagrams/FeynDia11.1) (./Diagrams/FeynDia11.t1)
\openout3 = `Diagrams/FeynDia12.mp'.

File: Diagrams/FeynDia12.1 Graphic file (type mps)
 [MP to PDF]
(./Diagrams/FeynDia12.1) (./Diagrams/FeynDia12.t1) [34]
\openout3 = `Diagrams/FeynDia13.mp'.

File: Diagrams/FeynDia13.1 Graphic file (type mps)
 [MP to PDF]
(./Diagrams/FeynDia13.1) (./Diagrams/FeynDia13.t1)
\openout3 = `Diagrams/FeynDia14.mp'.

File: Diagrams/FeynDia14.1 Graphic file (type mps)
 [MP to PDF]
(./Diagrams/FeynDia14.1) (./Diagrams/FeynDia14.t1)) (./VerticesSSVV.tex
\openout3 = `Diagrams/FeynDia28.mp'.

File: Diagrams/FeynDia28.1 Graphic file (type mps)

[MP to PDF] (./Diagrams/FeynDia28.1) (./Diagrams/FeynDia28.t1) [35]
\openout3 = `Diagrams/FeynDia29.mp'.

File: Diagrams/FeynDia29.1 Graphic file (type mps)

[MP to PDF] (./Diagrams/FeynDia29.1) (./Diagrams/FeynDia29.t1)
\openout3 = `Diagrams/FeynDia30.mp'.

File: Diagrams/FeynDia30.1 Graphic file (type mps)
 [MP to PDF]
(./Diagrams/FeynDia30.1) (./Diagrams/FeynDia30.t1)
\openout3 = `Diagrams/FeynDia31.mp'.

File: Diagrams/FeynDia31.1 Graphic file (type mps)
 [MP to PDF]
(./Diagrams/FeynDia31.1) (./Diagrams/FeynDia31.t1) [36]
\openout3 = `Diagrams/FeynDia32.mp'.

File: Diagrams/FeynDia32.1 Graphic file (type mps)
 [MP to PDF]
(./Diagrams/FeynDia32.1) (./Diagrams/FeynDia32.t1)
\openout3 = `Diagrams/FeynDia33.mp'.

File: Diagrams/FeynDia33.1 Graphic file (type mps)
 [MP to PDF]
(./Diagrams/FeynDia33.1) (./Diagrams/FeynDia33.t1)
\openout3 = `Diagrams/FeynDia34.mp'.

File: Diagrams/FeynDia34.1 Graphic file (type mps)
 [MP to PDF]
(./Diagrams/FeynDia34.1) (./Diagrams/FeynDia34.t1) [37]
\openout3 = `Diagrams/FeynDia35.mp'.

File: Diagrams/FeynDia35.1 Graphic file (type mps)
 [MP to PDF]
(./Diagrams/FeynDia35.1) (./Diagrams/FeynDia35.t1)
\openout3 = `Diagrams/FeynDia36.mp'.

File: Diagrams/FeynDia36.1 Graphic file (type mps)
 [MP to PDF]
(./Diagrams/FeynDia36.1) (./Diagrams/FeynDia36.t1)
\openout3 = `Diagrams/FeynDia37.mp'.

File: Diagrams/FeynDia37.1 Graphic file (type mps)
 [MP to PDF]
(./Diagrams/FeynDia37.1) (./Diagrams/FeynDia37.t1) [38]
\openout3 = `Diagrams/FeynDia38.mp'.

File: Diagrams/FeynDia38.1 Graphic file (type mps)
 [MP to PDF]
(./Diagrams/FeynDia38.1) (./Diagrams/FeynDia38.t1)
\openout3 = `Diagrams/FeynDia39.mp'.

File: Diagrams/FeynDia39.1 Graphic file (type mps)
 [MP to PDF]
(./Diagrams/FeynDia39.1) (./Diagrams/FeynDia39.t1)
\openout3 = `Diagrams/FeynDia40.mp'.

File: Diagrams/FeynDia40.1 Graphic file (type mps)
 [MP to PDF]
(./Diagrams/FeynDia40.1) (./Diagrams/FeynDia40.t1) [39]
\openout3 = `Diagrams/FeynDia41.mp'.

File: Diagrams/FeynDia41.1 Graphic file (type mps)
 [MP to PDF]
(./Diagrams/FeynDia41.1) (./Diagrams/FeynDia41.t1)
\openout3 = `Diagrams/FeynDia42.mp'.

File: Diagrams/FeynDia42.1 Graphic file (type mps)
 [MP to PDF]
(./Diagrams/FeynDia42.1) (./Diagrams/FeynDia42.t1)
\openout3 = `Diagrams/FeynDia43.mp'.

File: Diagrams/FeynDia43.1 Graphic file (type mps)
 [MP to PDF]
(./Diagrams/FeynDia43.1) (./Diagrams/FeynDia43.t1) [40]) (./VerticesVVVV.tex
\openout3 = `Diagrams/FeynDia70.mp'.

File: Diagrams/FeynDia70.1 Graphic file (type mps)

[MP to PDF] (./Diagrams/FeynDia70.1) (./Diagrams/FeynDia70.t1)
\openout3 = `Diagrams/FeynDia71.mp'.

File: Diagrams/FeynDia71.1 Graphic file (type mps)
 [MP to PDF]
(./Diagrams/FeynDia71.1) (./Diagrams/FeynDia71.t1) [41]
\openout3 = `Diagrams/FeynDia72.mp'.

File: Diagrams/FeynDia72.1 Graphic file (type mps)
 [MP to PDF]
(./Diagrams/FeynDia72.1) (./Diagrams/FeynDia72.t1)
\openout3 = `Diagrams/FeynDia73.mp'.

File: Diagrams/FeynDia73.1 Graphic file (type mps)
 [MP to PDF]
(./Diagrams/FeynDia73.1) (./Diagrams/FeynDia73.t1)
\openout3 = `Diagrams/FeynDia74.mp'.

File: Diagrams/FeynDia74.1 Graphic file (type mps)
 [MP to PDF]
(./Diagrams/FeynDia74.1) (./Diagrams/FeynDia74.t1) [42]) (./VerticesGGV.tex
\openout3 = `Diagrams/FeynDia75.mp'.

File: Diagrams/FeynDia75.1 Graphic file (type mps)

[MP to PDF] (./Diagrams/FeynDia75.1) (./Diagrams/FeynDia75.t1)
\openout3 = `Diagrams/FeynDia76.mp'.

File: Diagrams/FeynDia76.1 Graphic file (type mps)
 [MP to PDF]
(./Diagrams/FeynDia76.1) (./Diagrams/FeynDia76.t1)
\openout3 = `Diagrams/FeynDia77.mp'.

File: Diagrams/FeynDia77.1 Graphic file (type mps)
 [MP to PDF]
(./Diagrams/FeynDia77.1) (./Diagrams/FeynDia77.t1) [43]
\openout3 = `Diagrams/FeynDia78.mp'.

File: Diagrams/FeynDia78.1 Graphic file (type mps)
 [MP to PDF]
(./Diagrams/FeynDia78.1) (./Diagrams/FeynDia78.t1)
\openout3 = `Diagrams/FeynDia79.mp'.

File: Diagrams/FeynDia79.1 Graphic file (type mps)
 [MP to PDF]
(./Diagrams/FeynDia79.1) (./Diagrams/FeynDia79.t1)
\openout3 = `Diagrams/FeynDia80.mp'.

File: Diagrams/FeynDia80.1 Graphic file (type mps)
 [MP to PDF]
(./Diagrams/FeynDia80.1) (./Diagrams/FeynDia80.t1) [44]
\openout3 = `Diagrams/FeynDia81.mp'.

File: Diagrams/FeynDia81.1 Graphic file (type mps)
 [MP to PDF]
(./Diagrams/FeynDia81.1) (./Diagrams/FeynDia81.t1)
\openout3 = `Diagrams/FeynDia82.mp'.

File: Diagrams/FeynDia82.1 Graphic file (type mps)
 [MP to PDF]
(./Diagrams/FeynDia82.1) (./Diagrams/FeynDia82.t1)
\openout3 = `Diagrams/FeynDia83.mp'.

File: Diagrams/FeynDia83.1 Graphic file (type mps)
 [MP to PDF]
(./Diagrams/FeynDia83.1) (./Diagrams/FeynDia83.t1) [45]
\openout3 = `Diagrams/FeynDia84.mp'.

File: Diagrams/FeynDia84.1 Graphic file (type mps)
 [MP to PDF]
(./Diagrams/FeynDia84.1) (./Diagrams/FeynDia84.t1)
\openout3 = `Diagrams/FeynDia85.mp'.

File: Diagrams/FeynDia85.1 Graphic file (type mps)
 [MP to PDF]
(./Diagrams/FeynDia85.1) (./Diagrams/FeynDia85.t1)
\openout3 = `Diagrams/FeynDia86.mp'.

File: Diagrams/FeynDia86.1 Graphic file (type mps)
 [MP to PDF]
(./Diagrams/FeynDia86.1) (./Diagrams/FeynDia86.t1) [46]
\openout3 = `Diagrams/FeynDia87.mp'.

File: Diagrams/FeynDia87.1 Graphic file (type mps)
 [MP to PDF]
(./Diagrams/FeynDia87.1) (./Diagrams/FeynDia87.t1)) (./VerticesGGS.tex
\openout3 = `Diagrams/FeynDia88.mp'.

File: Diagrams/FeynDia88.1 Graphic file (type mps)

[MP to PDF] (./Diagrams/FeynDia88.1) (./Diagrams/FeynDia88.t1)
\openout3 = `Diagrams/FeynDia89.mp'.

File: Diagrams/FeynDia89.1 Graphic file (type mps)
 [MP to PDF]
(./Diagrams/FeynDia89.1) (./Diagrams/FeynDia89.t1) [47]
\openout3 = `Diagrams/FeynDia90.mp'.

File: Diagrams/FeynDia90.1 Graphic file (type mps)
 [MP to PDF]
(./Diagrams/FeynDia90.1) (./Diagrams/FeynDia90.t1)
\openout3 = `Diagrams/FeynDia91.mp'.

File: Diagrams/FeynDia91.1 Graphic file (type mps)
 [MP to PDF]
(./Diagrams/FeynDia91.1) (./Diagrams/FeynDia91.t1)
\openout3 = `Diagrams/FeynDia92.mp'.

File: Diagrams/FeynDia92.1 Graphic file (type mps)
 [MP to PDF]
(./Diagrams/FeynDia92.1) (./Diagrams/FeynDia92.t1) [48]
\openout3 = `Diagrams/FeynDia93.mp'.

File: Diagrams/FeynDia93.1 Graphic file (type mps)
 [MP to PDF]
(./Diagrams/FeynDia93.1) (./Diagrams/FeynDia93.t1)
\openout3 = `Diagrams/FeynDia94.mp'.

File: Diagrams/FeynDia94.1 Graphic file (type mps)
 [MP to PDF]
(./Diagrams/FeynDia94.1) (./Diagrams/FeynDia94.t1)
\openout3 = `Diagrams/FeynDia95.mp'.

File: Diagrams/FeynDia95.1 Graphic file (type mps)
 [MP to PDF]
(./Diagrams/FeynDia95.1) (./Diagrams/FeynDia95.t1) [49]
\openout3 = `Diagrams/FeynDia96.mp'.

File: Diagrams/FeynDia96.1 Graphic file (type mps)
 [MP to PDF]
(./Diagrams/FeynDia96.1) (./Diagrams/FeynDia96.t1)
\openout3 = `Diagrams/FeynDia97.mp'.

File: Diagrams/FeynDia97.1 Graphic file (type mps)
 [MP to PDF]
(./Diagrams/FeynDia97.1) (./Diagrams/FeynDia97.t1)
\openout3 = `Diagrams/FeynDia98.mp'.

File: Diagrams/FeynDia98.1 Graphic file (type mps)
 [MP to PDF]
(./Diagrams/FeynDia98.1) (./Diagrams/FeynDia98.t1) [50]
\openout3 = `Diagrams/FeynDia99.mp'.

File: Diagrams/FeynDia99.1 Graphic file (type mps)
 [MP to PDF]
(./Diagrams/FeynDia99.1) (./Diagrams/FeynDia99.t1)) (./CG.tex)
Package atveryend Info: Empty hook `BeforeClearDocument' on input line 70.
 [51]
Package atveryend Info: Empty hook `AfterLastShipout' on input line 70.

(./N2HDM-EWSB.aux)
Package atveryend Info: Executing hook `AtVeryEndDocument' on input line 70.
Package atveryend Info: Executing hook `AtEndAfterFileList' on input line 70.
Package rerunfilecheck Info: File `N2HDM-EWSB.out' has not changed.
(rerunfilecheck)             Checksum: CD34962D7208BD7C97D3A8A68ADDF81C;2543.
Package atveryend Info: Empty hook `AtVeryVeryEnd' on input line 70.
 ) 
Here is how much of TeX's memory you used:
 7464 strings out of 494319
 108944 string characters out of 6166520
 197408 words of memory out of 5000000
 10035 multiletter control sequences out of 15000+600000
 19087 words of font info for 56 fonts, out of 8000000 for 9000
 286 hyphenation exceptions out of 8191
 28i,15n,31p,3118b,480s stack positions out of 5000i,500n,10000p,200000b,80000s
 </home/licheng/.texlive2017/texmf-var/fonts/pk/ljfour/jknappen/ec/ectt1440.6
00pk> </home/licheng/.texlive2017/texmf-var/fonts/pk/ljfour/jknappen/ec/ectt120
0.600pk> </home/licheng/.texlive2017/texmf-var/fonts/pk/ljfour/jknappen/ec/ecbx
1200.600pk> </home/licheng/.texlive2017/texmf-var/fonts/pk/ljfour/jknappen/ec/e
ctt1000.600pk> </home/licheng/.texlive2017/texmf-var/fonts/pk/ljfour/jknappen/e
c/ecbx1440.600pk> </home/licheng/.texlive2017/texmf-var/fonts/pk/ljfour/jknappe
n/ec/ecbx1000.600pk> </home/licheng/.texlive2017/texmf-var/fonts/pk/ljfour/jkna
ppen/ec/ecrm1000.600pk> </home/licheng/.texlive2017/texmf-var/fonts/pk/ljfour/j
knappen/ec/ecrm1200.600pk> </home/licheng/.texlive2017/texmf-var/fonts/pk/ljfou
r/jknappen/ec/ectt1728.600pk> </home/licheng/.texlive2017/texmf-var/fonts/pk/lj
four/jknappen/ec/ecrm1728.600pk></usr/share/texlive/texmf-dist/fonts/type1/publ
ic/amsfonts/cm/cmbx10.pfb></usr/share/texlive/texmf-dist/fonts/type1/public/ams
fonts/cm/cmex10.pfb></usr/share/texlive/texmf-dist/fonts/type1/public/amsfonts/
cm/cmmi10.pfb></usr/share/texlive/texmf-dist/fonts/type1/public/amsfonts/cm/cmm
i5.pfb></usr/share/texlive/texmf-dist/fonts/type1/public/amsfonts/cm/cmmi7.pfb>
</usr/share/texlive/texmf-dist/fonts/type1/public/amsfonts/cm/cmr10.pfb></usr/s
hare/texlive/texmf-dist/fonts/type1/public/amsfonts/cm/cmr5.pfb></usr/share/tex
live/texmf-dist/fonts/type1/public/amsfonts/cm/cmr7.pfb></usr/share/texlive/tex
mf-dist/fonts/type1/public/amsfonts/cm/cmsy10.pfb></usr/share/texlive/texmf-dis
t/fonts/type1/public/amsfonts/cm/cmsy5.pfb></usr/share/texlive/texmf-dist/fonts
/type1/public/amsfonts/cm/cmsy7.pfb>
Output written on N2HDM-EWSB.pdf (51 pages, 319139 bytes).
PDF statistics:
 1008 PDF objects out of 1200 (max. 8388607)
 653 compressed objects within 7 object streams
 273 named destinations out of 1000 (max. 500000)
 265 words of extra memory for PDF output out of 10000 (max. 10000000)

