\BOOKMARK [1][-]{section.1}{Fields}{}% 1
\BOOKMARK [2][-]{subsection.1.1}{Gauge Fields}{section.1}% 2
\BOOKMARK [2][-]{subsection.1.2}{Matter Superfields}{section.1}% 3
\BOOKMARK [1][-]{section.2}{Lagrangian}{}% 4
\BOOKMARK [2][-]{subsection.2.1}{Input Lagrangian for Eigenstates GaugeES}{section.2}% 5
\BOOKMARK [2][-]{subsection.2.2}{Gauge fixing terms}{section.2}% 6
\BOOKMARK [3][-]{subsubsection.2.2.1}{Gauge fixing terms for eigenstates 'GaugeES' }{subsection.2.2}% 7
\BOOKMARK [3][-]{subsubsection.2.2.2}{Gauge fixing terms for eigenstates 'EWSB' }{subsection.2.2}% 8
\BOOKMARK [2][-]{subsection.2.3}{Fields integrated out}{section.2}% 9
\BOOKMARK [1][-]{section.3}{Field Rotations}{}% 10
\BOOKMARK [2][-]{subsection.3.1}{Rotations in gauge sector for eigenstates 'EWSB' }{section.3}% 11
\BOOKMARK [2][-]{subsection.3.2}{Rotations in Mass sector for eigenstates 'EWSB' }{section.3}% 12
\BOOKMARK [3][-]{subsubsection.3.2.1}{Mass Matrices for Scalars}{subsection.3.2}% 13
\BOOKMARK [3][-]{subsubsection.3.2.2}{Mass Matrices for Fermions}{subsection.3.2}% 14
\BOOKMARK [1][-]{section.4}{Vacuum Expectation Values}{}% 15
\BOOKMARK [1][-]{section.5}{Tadpole Equations}{}% 16
\BOOKMARK [1][-]{section.6}{Particle content for eigenstates 'EWSB'}{}% 17
\BOOKMARK [1][-]{section.7}{One Loop Self-Energy and One Loop Tadpoles for eigenstates 'EWSB'}{}% 18
\BOOKMARK [2][-]{subsection.7.1}{One Loop Self-Energy}{section.7}% 19
\BOOKMARK [2][-]{subsection.7.2}{Tadpoles}{section.7}% 20
\BOOKMARK [1][-]{section.8}{Interactions for eigenstates 'EWSB'}{}% 21
\BOOKMARK [2][-]{subsection.8.1}{Three Scalar-Interaction}{section.8}% 22
\BOOKMARK [2][-]{subsection.8.2}{Two Scalar-One Vector Boson-Interaction}{section.8}% 23
\BOOKMARK [2][-]{subsection.8.3}{One Scalar-Two Vector Boson-Interaction}{section.8}% 24
\BOOKMARK [2][-]{subsection.8.4}{Two Fermion-One Vector Boson-Interaction}{section.8}% 25
\BOOKMARK [2][-]{subsection.8.5}{Two Fermion-One Scalar Boson-Interaction}{section.8}% 26
\BOOKMARK [2][-]{subsection.8.6}{Three Vector Boson-Interaction}{section.8}% 27
\BOOKMARK [2][-]{subsection.8.7}{Four Scalar-Interaction}{section.8}% 28
\BOOKMARK [2][-]{subsection.8.8}{Two Scalar-Two Vector Boson-Interaction}{section.8}% 29
\BOOKMARK [2][-]{subsection.8.9}{Four Vector Boson-Interaction}{section.8}% 30
\BOOKMARK [2][-]{subsection.8.10}{Two Ghosts-One Vector Boson-Interaction}{section.8}% 31
\BOOKMARK [2][-]{subsection.8.11}{Two Ghosts-One Scalar-Interaction}{section.8}% 32
\BOOKMARK [1][-]{section.9}{Clebsch-Gordan Coefficients}{}% 33
